<?xml version="1.0" encoding="UTF-8"?>
<testsuite name="de.tud.cs.se.flashcards.model.learning.RandomForeverLearningStrategyTest" tests="1" skipped="0" failures="0" errors="0" timestamp="2019-01-20T10:05:44" hostname="Surface-Robert" time="0.022">
  <properties/>
  <testcase name="testLearningStrategy" classname="de.tud.cs.se.flashcards.model.learning.RandomForeverLearningStrategyTest" time="0.022"/>
  <system-out><![CDATA[]]></system-out>
  <system-err><![CDATA[]]></system-err>
</testsuite>
